<?xml version="1.0" encoding="UTF-8"?>
<!-- Generated by org.testng.reporters.JUnitReportReporter -->
<testsuite hostname="DESKTOP-60NORSP" failures="5" tests="8" name="com.banking.runner.TestRunner" time="38.103" errors="0" timestamp="2026-09-25T23:15:55 IST" skipped="0">
  <testcase classname="com.banking.runner.TestRunner" name="runScenario" time="2.955">
    <failure message="Expected customer Retrival to return error expected [404] but found [200]" type="java.lang.AssertionError">
      <![CDATA[java.lang.AssertionError: Expected customer Retrival to return error expected [404] but found [200]
at org.testng.Assert.fail(Assert.java:110)
at org.testng.Assert.failNotEquals(Assert.java:1577)
at org.testng.Assert.assertEqualsImpl(Assert.java:149)
at org.testng.Assert.assertEquals(Assert.java:131)
at org.testng.Assert.assertEquals(Assert.java:1418)
at org.testng.Assert.assertEquals(Assert.java:1382)
at com.banking.steps.AdditionalScenarios.i_retrieve_the_customer_details_using_the_nonExistent_customer_number_and_verify_Error(AdditionalScenarios.java:61)
at ✽.I retrieve the customer details using the non-Existent customer number and verify Error(file:///C:/Users/Shoban/eclipse-workspace/NewEclipseWorkspace/api-automation-assignment/src/test/resources/features/additionalScenarios.feature:5)
]]>
    </failure>
  </testcase> <!-- runScenario -->
  <system-out/>
  <testcase classname="com.banking.runner.TestRunner" name="runScenario" time="9.113"/>
  <system-out/>
  <testcase classname="com.banking.runner.TestRunner" name="runScenario" time="2.558">
    <failure message="Expected Account Details retrieval to return 200 expected [200] but found [302]" type="java.lang.AssertionError">
      <![CDATA[java.lang.AssertionError: Expected Account Details retrieval to return 200 expected [200] but found [302]
at org.testng.Assert.fail(Assert.java:110)
at org.testng.Assert.failNotEquals(Assert.java:1577)
at org.testng.Assert.assertEqualsImpl(Assert.java:149)
at org.testng.Assert.assertEquals(Assert.java:131)
at org.testng.Assert.assertEquals(Assert.java:1418)
at org.testng.Assert.assertEquals(Assert.java:1382)
at com.banking.steps.TransferSteps.getAccountDetails(TransferSteps.java:170)
at ✽.I get the account details(file:///C:/Users/Shoban/eclipse-workspace/NewEclipseWorkspace/api-automation-assignment/src/test/resources/features/transfers.feature:15)
]]>
    </failure>
  </testcase> <!-- runScenario -->
  <system-out/>
  <testcase classname="com.banking.runner.TestRunner" name="runScenario" time="4.477">
    <failure message="Expected rejected transfer to return 400 status. expected [400] but found [200]" type="java.lang.AssertionError">
      <![CDATA[java.lang.AssertionError: Expected rejected transfer to return 400 status. expected [400] but found [200]
at org.testng.Assert.fail(Assert.java:110)
at org.testng.Assert.failNotEquals(Assert.java:1577)
at org.testng.Assert.assertEqualsImpl(Assert.java:149)
at org.testng.Assert.assertEquals(Assert.java:131)
at org.testng.Assert.assertEquals(Assert.java:1418)
at org.testng.Assert.assertEquals(Assert.java:1382)
at com.banking.steps.TransferSteps.verify_if_the_transaction_is_rejected_due_to_negative_amount(TransferSteps.java:280)
at ✽.verify if the transaction is rejected due to negative amount(file:///C:/Users/Shoban/eclipse-workspace/NewEclipseWorkspace/api-automation-assignment/src/test/resources/features/transfers.feature:20)
]]>
    </failure>
  </testcase> <!-- runScenario -->
  <system-out/>
  <testcase classname="com.banking.runner.TestRunner" name="runScenario" time="2.512"/>
  <system-out/>
  <testcase classname="com.banking.runner.TestRunner" name="runScenario" time="4.005">
    <failure message="Expected customer Retrival to return 404 after deletion expected [404] but found [302]" type="java.lang.AssertionError">
      <![CDATA[java.lang.AssertionError: Expected customer Retrival to return 404 after deletion expected [404] but found [302]
at org.testng.Assert.fail(Assert.java:110)
at org.testng.Assert.failNotEquals(Assert.java:1577)
at org.testng.Assert.assertEqualsImpl(Assert.java:149)
at org.testng.Assert.assertEquals(Assert.java:131)
at org.testng.Assert.assertEquals(Assert.java:1418)
at org.testng.Assert.assertEquals(Assert.java:1382)
at com.banking.steps.TransferSteps.retrieving_the_customer_shows_that_it_no_longer_exists(TransferSteps.java:351)
at ✽.retrieving the deleted account should show that it no longer exists(file:///C:/Users/Shoban/eclipse-workspace/NewEclipseWorkspace/api-automation-assignment/src/test/resources/features/customerLifecycle.feature:18)
]]>
    </failure>
  </testcase> <!-- runScenario -->
  <system-out/>
  <testcase classname="com.banking.runner.TestRunner" name="runScenario" time="4.831">
    <failure message="Expected customer Retrival to return 404 after deletion expected [404] but found [200]" type="java.lang.AssertionError">
      <![CDATA[java.lang.AssertionError: Expected customer Retrival to return 404 after deletion expected [404] but found [200]
at org.testng.Assert.fail(Assert.java:110)
at org.testng.Assert.failNotEquals(Assert.java:1577)
at org.testng.Assert.assertEqualsImpl(Assert.java:149)
at org.testng.Assert.assertEquals(Assert.java:131)
at org.testng.Assert.assertEquals(Assert.java:1418)
at org.testng.Assert.assertEquals(Assert.java:1382)
at com.banking.steps.CustomerSteps.retrieving_the_customer_shows_that_it_no_longer_exists(CustomerSteps.java:168)
at ✽.retrieving the customer should show that it no longer exists(file:///C:/Users/Shoban/eclipse-workspace/NewEclipseWorkspace/api-automation-assignment/src/test/resources/features/customerLifecycle.feature:10)
]]>
    </failure>
  </testcase> <!-- runScenario -->
  <system-out/>
  <testcase classname="com.banking.runner.TestRunner" name="runScenario" time="7.652"/>
  <system-out/>
</testsuite> <!-- com.banking.runner.TestRunner -->
